<?xml version="1.0" encoding="UTF-8"?>
<!-- Generated by org.testng.reporters.JUnitReportReporter -->
<testsuite hostname="DESKTOP-3R73L8V" failures="0" tests="1" name="com.nopcommerce.testCases.TC_LoginTest_001" time="11.001" errors="0" timestamp="27 Mar 2019 00:58:21 GMT" skipped="0">
  <testcase classname="com.nopcommerce.testCases.TC_LoginTest_001" name="loginTest" time="11.001"/>
</testsuite> <!-- com.nopcommerce.testCases.TC_LoginTest_001 -->
